[    0.000000] Initializing cgroup subsys cpuset
[    0.000000] Initializing cgroup subsys cpu
[    0.000000] Initializing cgroup subsys cpuacct
[    0.000000] Linux version 4.4.0-87-generic (buildd@lcy01-31) (gcc version 5.4.0 20160609 (Ubuntu 5.4.0-6ubuntu1~16.04.4) ) #110-Ubuntu SMP Tue Jul 18 12:55:35 UTC 2017 (Ubuntu 4.4.0-87.110-generic 4.4.73)
[    0.000000] Command line: BOOT_IMAGE=/boot/vmlinuz-4.4.0-87-generic root=LABEL=cloudimg-rootfs ro console=tty1 console=ttyS0
[    0.000000] KERNEL supported cpus:
[    0.000000]   Intel GenuineIntel
[    0.000000]   AMD AuthenticAMD
[    0.000000]   Centaur CentaurHauls
[    0.000000] x86/fpu: xstate_offset[2]:  576, xstate_sizes[2]:  256
[    0.000000] x86/fpu: Supporting XSAVE feature 0x01: 'x87 floating point registers'
[    0.000000] x86/fpu: Supporting XSAVE feature 0x02: 'SSE registers'
[    0.000000] x86/fpu: Supporting XSAVE feature 0x04: 'AVX registers'
[    0.000000] x86/fpu: Enabled xstate features 0x7, context size is 832 bytes, using 'standard' format.
[    0.000000] x86/fpu: Using 'lazy' FPU context switches.
[    0.000000] e820: BIOS-provided physical RAM map:
[    0.000000] BIOS-e820: [mem 0x0000000000000000-0x000000000009fbff] usable
[    0.000000] BIOS-e820: [mem 0x000000000009fc00-0x000000000009ffff] reserved
[    0.000000] BIOS-e820: [mem 0x00000000000f0000-0x00000000000fffff] reserved
[    0.000000] BIOS-e820: [mem 0x0000000000100000-0x00000000dffeffff] usable
[    0.000000] BIOS-e820: [mem 0x00000000dfff0000-0x00000000dfffffff] ACPI data
[    0.000000] BIOS-e820: [mem 0x00000000fec00000-0x00000000fec00fff] reserved
[    0.000000] BIOS-e820: [mem 0x00000000fee00000-0x00000000fee00fff] reserved
[    0.000000] BIOS-e820: [mem 0x00000000fffc0000-0x00000000ffffffff] reserved
[    0.000000] BIOS-e820: [mem 0x0000000100000000-0x000000011fffffff] usable
[    0.000000] NX (Execute Disable) protection: active
[    0.000000] SMBIOS 2.5 present.
[    0.000000] Hypervisor detected: KVM
[    0.000000] e820: last_pfn = 0x120000 max_arch_pfn = 0x400000000
[    0.000000] MTRR: Disabled
[    0.000000] x86/PAT: MTRRs disabled, skipping PAT initialization too.
[    0.000000] x86/PAT: Configuration [0-7]: WB  WT  UC- UC  WB  WT  UC- UC  
[    0.000000] CPU MTRRs all blank - virtualized system.
[    0.000000] e820: last_pfn = 0xdfff0 max_arch_pfn = 0x400000000
[    0.000000] found SMP MP-table at [mem 0x0009fff0-0x0009ffff] mapped at [ffff88000009fff0]
[    0.000000] Scanning 1 areas for low memory corruption
[    0.000000] RAMDISK: [mem 0x36ac2000-0x37558fff]
[    0.000000] ACPI: Early table checksum verification disabled
[    0.000000] ACPI: RSDP 0x00000000000E0000 000024 (v02 VBOX  )
[    0.000000] ACPI: XSDT 0x00000000DFFF0030 00003C (v01 VBOX   VBOXXSDT 00000001 ASL  00000061)
[    0.000000] ACPI: FACP 0x00000000DFFF00F0 0000F4 (v04 VBOX   VBOXFACP 00000001 ASL  00000061)
[    0.000000] ACPI: DSDT 0x00000000DFFF0470 0021C8 (v02 VBOX   VBOXBIOS 00000002 INTL 20100528)
[    0.000000] ACPI: FACS 0x00000000DFFF0200 000040
[    0.000000] ACPI: FACS 0x00000000DFFF0200 000040
[    0.000000] ACPI: APIC 0x00000000DFFF0240 00005C (v02 VBOX   VBOXAPIC 00000001 ASL  00000061)
[    0.000000] ACPI: SSDT 0x00000000DFFF02A0 0001CC (v01 VBOX   VBOXCPUT 00000002 INTL 20100528)
[    0.000000] No NUMA configuration found
[    0.000000] Faking a node at [mem 0x0000000000000000-0x000000011fffffff]
[    0.000000] NODE_DATA(0) allocated [mem 0x11fff7000-0x11fffbfff]
[    0.000000] kvm-clock: Using msrs 4b564d01 and 4b564d00
[    0.000000] kvm-clock: cpu 0, msr 1:1ffef001, primary cpu clock
[    0.000000] kvm-clock: using sched offset of 3044535971 cycles
[    0.000000] clocksource: kvm-clock: mask: 0xffffffffffffffff max_cycles: 0x1cd42e4dffb, max_idle_ns: 881590591483 ns
[    0.000000] Zone ranges:
[    0.000000]   DMA      [mem 0x0000000000001000-0x0000000000ffffff]
[    0.000000]   DMA32    [mem 0x0000000001000000-0x00000000ffffffff]
[    0.000000]   Normal   [mem 0x0000000100000000-0x000000011fffffff]
[    0.000000]   Device   empty
[    0.000000] Movable zone start for each node
[    0.000000] Early memory node ranges
[    0.000000]   node   0: [mem 0x0000000000001000-0x000000000009efff]
[    0.000000]   node   0: [mem 0x0000000000100000-0x00000000dffeffff]
[    0.000000]   node   0: [mem 0x0000000100000000-0x000000011fffffff]
[    0.000000] Initmem setup node 0 [mem 0x0000000000001000-0x000000011fffffff]
[    0.000000] ACPI: PM-Timer IO Port: 0x4008
[    0.000000] IOAPIC[0]: apic_id 2, version 32, address 0xfec00000, GSI 0-23
[    0.000000] ACPI: INT_SRC_OVR (bus 0 bus_irq 0 global_irq 2 dfl dfl)
[    0.000000] ACPI: INT_SRC_OVR (bus 0 bus_irq 9 global_irq 9 high level)
[    0.000000] Using ACPI (MADT) for SMP configuration information
[    0.000000] smpboot: Allowing 2 CPUs, 0 hotplug CPUs
[    0.000000] PM: Registered nosave memory: [mem 0x00000000-0x00000fff]
[    0.000000] PM: Registered nosave memory: [mem 0x0009f000-0x0009ffff]
[    0.000000] PM: Registered nosave memory: [mem 0x000a0000-0x000effff]
[    0.000000] PM: Registered nosave memory: [mem 0x000f0000-0x000fffff]
[    0.000000] PM: Registered nosave memory: [mem 0xdfff0000-0xdfffffff]
[    0.000000] PM: Registered nosave memory: [mem 0xe0000000-0xfebfffff]
[    0.000000] PM: Registered nosave memory: [mem 0xfec00000-0xfec00fff]
[    0.000000] PM: Registered nosave memory: [mem 0xfec01000-0xfedfffff]
[    0.000000] PM: Registered nosave memory: [mem 0xfee00000-0xfee00fff]
[    0.000000] PM: Registered nosave memory: [mem 0xfee01000-0xfffbffff]
[    0.000000] PM: Registered nosave memory: [mem 0xfffc0000-0xffffffff]
[    0.000000] e820: [mem 0xe0000000-0xfebfffff] available for PCI devices
[    0.000000] Booting paravirtualized kernel on KVM
[    0.000000] clocksource: refined-jiffies: mask: 0xffffffff max_cycles: 0xffffffff, max_idle_ns: 7645519600211568 ns
[    0.000000] setup_percpu: NR_CPUS:512 nr_cpumask_bits:512 nr_cpu_ids:2 nr_node_ids:1
[    0.000000] PERCPU: Embedded 33 pages/cpu @ffff88011fc00000 s98264 r8192 d28712 u1048576
[    0.000000] PV qspinlock hash table entries: 256 (order: 0, 4096 bytes)
[    0.000000] Built 1 zonelists in Node order, mobility grouping on.  Total pages: 1032057
[    0.000000] Policy zone: Normal
[    0.000000] Kernel command line: BOOT_IMAGE=/boot/vmlinuz-4.4.0-87-generic root=LABEL=cloudimg-rootfs ro console=tty1 console=ttyS0
[    0.000000] PID hash table entries: 4096 (order: 3, 32768 bytes)
[    0.000000] Memory: 4032244K/4193848K available (8474K kernel code, 1293K rwdata, 3984K rodata, 1488K init, 1316K bss, 161604K reserved, 0K cma-reserved)
[    0.000000] SLUB: HWalign=64, Order=0-3, MinObjects=0, CPUs=2, Nodes=1
[    0.000000] Hierarchical RCU implementation.
[    0.000000] 	Build-time adjustment of leaf fanout to 64.
[    0.000000] 	RCU restricting CPUs from NR_CPUS=512 to nr_cpu_ids=2.
[    0.000000] RCU: Adjusting geometry for rcu_fanout_leaf=64, nr_cpu_ids=2
[    0.000000] NR_IRQS:33024 nr_irqs:440 16
[    0.000000] Console: colour VGA+ 80x25
[    0.000000] console [tty1] enabled
[    0.000000] console [ttyS0] enabled
[    0.000000] tsc: Detected 2599.998 MHz processor
[    4.968008] Calibrating delay loop (skipped) preset value.. 5199.99 BogoMIPS (lpj=10399992)
[    5.095648] pid_max: default: 32768 minimum: 301
[    5.152910] ACPI: Core revision 20150930
[    5.206097] ACPI: 2 ACPI AML tables successfully acquired and loaded
[    5.261984] Security Framework initialized
[    5.304768] Yama: becoming mindful.
[    5.328317] AppArmor: AppArmor initialized
[    5.357620] Dentry cache hash table entries: 524288 (order: 10, 4194304 bytes)
[    5.374312] Inode-cache hash table entries: 262144 (order: 9, 2097152 bytes)
[    5.456957] Mount-cache hash table entries: 8192 (order: 4, 65536 bytes)
[    5.470219] Mountpoint-cache hash table entries: 8192 (order: 4, 65536 bytes)
[    5.472091] Initializing cgroup subsys io
[    5.486862] Initializing cgroup subsys memory
[    5.487990] Initializing cgroup subsys devices
[    5.490998] Initializing cgroup subsys freezer
[    5.492014] Initializing cgroup subsys net_cls
[    5.543311] Initializing cgroup subsys perf_event
[    5.576739] Initializing cgroup subsys net_prio
[    5.603825] Initializing cgroup subsys hugetlb
[    5.604842] Initializing cgroup subsys pids
[    5.634657] CPU: Physical Processor ID: 0
[    5.635722] CPU: Processor Core ID: 0
[    5.637580] mce: CPU supports 0 MCE banks
[    5.638729] Last level iTLB entries: 4KB 1024, 2MB 1024, 4MB 1024
[    5.681366] Last level dTLB entries: 4KB 1024, 2MB 1024, 4MB 1024, 1GB 4
[    5.740665] Freeing SMP alternatives memory: 32K (ffffffff820b9000 - ffffffff820c1000)
[    5.809484] ftrace: allocating 32128 entries in 126 pages
[    5.886313] smpboot: APIC(0) Converting physical 0 to logical package 0
[    5.931670] smpboot: Max logical packages: 1
[    5.973697] x2apic enabled
[    5.994640] Switched APIC routing to physical x2apic.
[    5.997078] ..TIMER: vector=0x30 apic1=0 pin1=2 apic2=-1 pin2=-1
[    6.103326] smpboot: CPU0: Intel(R) Core(TM) i5-4278U CPU @ 2.60GHz (family: 0x6, model: 0x45, stepping: 0x1)
[    6.147481] Performance Events: unsupported p6 CPU model 69 no PMU driver, software events only.
[    6.169252] KVM setup paravirtual spinlock
[    6.181923] x86: Booting SMP configuration:
[    6.204090] .... node  #0, CPUs:      #1
[    6.205347] kvm-clock: cpu 1, msr 1:1ffef041, secondary cpu clock
[    6.232514] mce: CPU supports 0 MCE banks
[    6.235264] x86: Booted up 1 node, 2 CPUs
[    6.293753] smpboot: Total of 2 processors activated (10399.99 BogoMIPS)
[    6.352757] devtmpfs: initialized
[    6.375518] evm: security.selinux
[    6.382298] evm: security.SMACK64
[    6.397987] evm: security.SMACK64EXEC
[    6.424278] evm: security.SMACK64TRANSMUTE
[    6.432350] evm: security.SMACK64MMAP
[    6.461337] evm: security.ima
[    6.488779] evm: security.capability
[    6.532629] clocksource: jiffies: mask: 0xffffffff max_cycles: 0xffffffff, max_idle_ns: 7645041785100000 ns
[    6.628885] futex hash table entries: 512 (order: 3, 32768 bytes)
[    6.677645] pinctrl core: initialized pinctrl subsystem
[    6.681896] RTC time: 21:45:07, date: 07/29/17
[    6.683153] NET: Registered protocol family 16
[    6.724225] cpuidle: using governor ladder
[    6.816994] cpuidle: using governor menu
[    6.826432] PCCT header not found.
[    6.851703] ACPI: bus type PCI registered
[    6.854746] acpiphp: ACPI Hot Plug PCI Controller Driver version: 0.5
[    6.863274] PCI: Using configuration type 1 for base access
[    6.889661] ACPI: Added _OSI(Module Device)
[    6.897022] ACPI: Added _OSI(Processor Device)
[    6.906162] ACPI: Added _OSI(3.0 _SCP Extensions)
[    6.919773] ACPI: Added _OSI(Processor Aggregator Device)
[    6.933427] ACPI: Executed 1 blocks of module-level executable AML code
[    6.939155] ACPI: Interpreter enabled
[    6.945326] ACPI: (supports S0 S5)
[    6.954907] ACPI: Using IOAPIC for interrupt routing
[    6.965329] PCI: Using host bridge windows from ACPI; if necessary, use "pci=nocrs" and report a bug
[    6.989006] ACPI: PCI Root Bridge [PCI0] (domain 0000 [bus 00-ff])
[    6.992957] acpi PNP0A03:00: _OSC: OS supports [ASPM ClockPM Segments MSI]
[    6.995354] acpi PNP0A03:00: _OSC failed (AE_NOT_FOUND); disabling ASPM
[    7.002833] acpi PNP0A03:00: fail to add MMCONFIG information, can't access extended PCI configuration space under this bridge.
[    7.015546] PCI host bridge to bus 0000:00
[    7.018754] pci_bus 0000:00: root bus resource [io  0x0000-0x0cf7 window]
[    7.034009] pci_bus 0000:00: root bus resource [io  0x0d00-0xffff window]
[    7.044336] pci_bus 0000:00: root bus resource [mem 0x000a0000-0x000bffff window]
[    7.069022] pci_bus 0000:00: root bus resource [mem 0xe0000000-0xffdfffff window]
[    7.079724] pci_bus 0000:00: root bus resource [bus 00-ff]
[    7.096899] pci 0000:00:01.1: legacy IDE quirk: reg 0x10: [io  0x01f0-0x01f7]
[    7.100438] pci 0000:00:01.1: legacy IDE quirk: reg 0x14: [io  0x03f6]
[    7.103356] pci 0000:00:01.1: legacy IDE quirk: reg 0x18: [io  0x0170-0x0177]
[    7.107787] pci 0000:00:01.1: legacy IDE quirk: reg 0x1c: [io  0x0376]
[    7.217939] pci 0000:00:07.0: quirk: [io  0x4000-0x403f] claimed by PIIX4 ACPI
[    7.232925] pci 0000:00:07.0: quirk: [io  0x4100-0x410f] claimed by PIIX4 SMB
[    7.258725] ACPI: PCI Interrupt Link [LNKA] (IRQs 5 9 10 *11)
[    7.275093] ACPI: PCI Interrupt Link [LNKB] (IRQs 5 9 10 *11)
[    7.286001] ACPI: PCI Interrupt Link [LNKC] (IRQs 5 9 *10 11)
[    7.304287] ACPI: PCI Interrupt Link [LNKD] (IRQs 5 *9 10 11)
[    7.317131] ACPI: Enabled 2 GPEs in block 00 to 07
[    7.335053] vgaarb: setting as boot device: PCI:0000:00:02.0
[    7.358136] vgaarb: device added: PCI:0000:00:02.0,decodes=io+mem,owns=io+mem,locks=none
[    7.376978] vgaarb: loaded
[    7.382513] vgaarb: bridge control possible 0000:00:02.0
[    7.393683] SCSI subsystem initialized
[    7.410270] ACPI: bus type USB registered
[    7.417446] usbcore: registered new interface driver usbfs
[    7.445421] usbcore: registered new interface driver hub
[    7.449479] usbcore: registered new device driver usb
[    7.451387] PCI: Using ACPI for IRQ routing
[    7.463034] NetLabel: Initializing
[    7.467124] NetLabel:  domain hash size = 128
[    7.473484] NetLabel:  protocols = UNLABELED CIPSOv4
[    7.485857] NetLabel:  unlabeled traffic allowed by default
[    7.487656] amd_nb: Cannot enumerate AMD northbridges
[    7.489344] clocksource: Switched to clocksource kvm-clock
[    7.513763] AppArmor: AppArmor Filesystem Enabled
[    7.516140] pnp: PnP ACPI init
[    7.525739] pnp: PnP ACPI: found 3 devices
[    7.541186] clocksource: acpi_pm: mask: 0xffffff max_cycles: 0xffffff, max_idle_ns: 2085701024 ns
[    7.559416] NET: Registered protocol family 2
[    7.563732] TCP established hash table entries: 32768 (order: 6, 262144 bytes)
[    7.606112] TCP bind hash table entries: 32768 (order: 7, 524288 bytes)
[    7.634844] TCP: Hash tables configured (established 32768 bind 32768)
[    7.646260] UDP hash table entries: 2048 (order: 4, 65536 bytes)
[    7.647619] UDP-Lite hash table entries: 2048 (order: 4, 65536 bytes)
[    7.654863] NET: Registered protocol family 1
[    7.661006] pci 0000:00:00.0: Limiting direct PCI/PCI transfers
[    7.671592] pci 0000:00:01.0: Activating ISA DMA hang workarounds
[    7.679302] Unpacking initramfs...
[    9.554161] Freeing initrd memory: 10844K (ffff880036ac2000 - ffff880037559000)
[    9.567045] PCI-DMA: Using software bounce buffering for IO (SWIOTLB)
[    9.574726] software IO TLB [mem 0xdbff0000-0xdfff0000] (64MB) mapped at [ffff8800dbff0000-ffff8800dffeffff]
[    9.587534] RAPL PMU detected, API unit is 2^-32 Joules, 4 fixed counters 10737418240 ms ovfl timer
[    9.589629] hw unit of domain pp0-core 2^-0 Joules
[    9.622379] hw unit of domain package 2^-0 Joules
[    9.674441] hw unit of domain dram 2^-0 Joules
[    9.753917] hw unit of domain pp1-gpu 2^-0 Joules
[    9.836157] platform rtc_cmos: registered platform RTC device (no PNP device found)
[    9.996153] Scanning for low memory corruption every 60 seconds
[   10.032027] audit: initializing netlink subsys (disabled)
[   10.097849] audit: type=2000 audit(1501364708.965:1): initialized
[   10.142672] Initialise system trusted keyring
[   10.181758] HugeTLB registered 2 MB page size, pre-allocated 0 pages
[   10.242062] zbud: loaded
[   10.275424] VFS: Disk quotas dquot_6.6.0
[   10.346264] VFS: Dquot-cache hash table entries: 512 (order 0, 4096 bytes)
[   10.476093] squashfs: version 4.0 (2009/01/31) Phillip Lougher
[   10.566285] fuse init (API version 7.23)
[   10.641819] Key type big_key registered
[   10.719581] Allocating IMA MOK and blacklist keyrings.
[   10.734420] Key type asymmetric registered
[   10.745904] Asymmetric key parser 'x509' registered
[   10.755230] Block layer SCSI generic (bsg) driver version 0.4 loaded (major 249)
[   10.825954] io scheduler noop registered
[   10.835243] tsc: Refined TSC clocksource calibration: 2608.393 MHz
[   10.835245] clocksource: tsc: mask: 0xffffffffffffffff max_cycles: 0x259934c4605, max_idle_ns: 440795246523 ns
[   11.046149] io scheduler deadline registered (default)
[   11.086493] io scheduler cfq registered
[   11.087508] pci_hotplug: PCI Hot Plug PCI Core version: 0.5
[   11.109030] pciehp: PCI Express Hot Plug Controller Driver version: 0.4
[   11.172261] ACPI: AC Adapter [AC] (off-line)
[   11.207959] input: Power Button as /devices/LNXSYSTM:00/LNXPWRBN:00/input/input0
[   11.278851] ACPI: Power Button [PWRF]
[   11.318175] input: Sleep Button as /devices/LNXSYSTM:00/LNXSLPBN:00/input/input1
[   11.365739] ACPI: Sleep Button [SLPF]
[   11.400153] GHES: HEST is not enabled!
[   11.434591] ACPI: Battery Slot [BAT0] (battery present)
[   11.460217] Serial: 8250/16550 driver, 32 ports, IRQ sharing enabled
[   11.600759] 00:02: ttyS0 at I/O 0x3f8 (irq = 4, base_baud = 115200) is a 16550A
[   11.671523] Linux agpgart interface v0.103
[   11.746961] loop: module loaded
[   11.777501] scsi host0: ata_piix
[   11.802394] scsi host1: ata_piix
[   11.803257] ata1: PATA max UDMA/33 cmd 0x1f0 ctl 0x3f6 bmdma 0xd000 irq 14
[   11.804702] ata2: PATA max UDMA/33 cmd 0x170 ctl 0x376 bmdma 0xd008 irq 15
[   11.853105] libphy: Fixed MDIO Bus: probed
[   11.902222] tun: Universal TUN/TAP device driver, 1.6
[   11.960524] tun: (C) 1999-2004 Max Krasnyansky <maxk@qualcomm.com>
[   11.999326] PPP generic driver version 2.4.2
[   12.043493] ehci_hcd: USB 2.0 'Enhanced' Host Controller (EHCI) Driver
[   12.168281] ehci-pci: EHCI PCI platform driver
[   12.176104] ehci-platform: EHCI generic platform driver
[   12.177275] ohci_hcd: USB 1.1 'Open' Host Controller (OHCI) Driver
[   12.190127] ohci-pci: OHCI PCI platform driver
[   12.221763] ohci-platform: OHCI generic platform driver
[   12.269673] uhci_hcd: USB Universal Host Controller Interface driver
[   12.278571] i8042: PNP: PS/2 Controller [PNP0303:PS2K,PNP0f03:PS2M] at 0x60,0x64 irq 1,12
[   12.295942] serio: i8042 KBD port at 0x60,0x64 irq 1
[   12.359122] serio: i8042 AUX port at 0x60,0x64 irq 12
[   12.364270] mousedev: PS/2 mouse device common for all mice
[   12.376914] rtc_cmos rtc_cmos: rtc core: registered rtc_cmos as rtc0
[   12.407159] rtc_cmos rtc_cmos: alarms up to one day, 114 bytes nvram
[   12.443187] i2c /dev entries driver
[   12.459180] input: AT Translated Set 2 keyboard as /devices/platform/i8042/serio0/input/input2
[   12.469686] device-mapper: uevent: version 1.0.3
[   12.479443] device-mapper: ioctl: 4.34.0-ioctl (2015-10-28) initialised: dm-devel@redhat.com
[   12.503291] ledtrig-cpu: registered to indicate activity on CPUs
[   12.505295] NET: Registered protocol family 10
[   12.518502] NET: Registered protocol family 17
[   12.530935] Key type dns_resolver registered
[   12.532231] microcode: CPU0 sig=0x40651, pf=0x40, revision=0x0
[   12.534749] microcode: CPU1 sig=0x40651, pf=0x40, revision=0x0
[   12.548356] microcode: Microcode Update Driver: v2.01 <tigran@aivazian.fsnet.co.uk>, Peter Oruba
[   12.552340] registered taskstats version 1
[   12.563527] Loading compiled-in X.509 certificates
[   12.572542] Loaded X.509 cert 'Build time autogenerated kernel key: 713bc24ccc5bf0d11d706d6f5bf7187ed23f7b25'
[   12.597446] zswap: loaded using pool lzo/zbud
[   12.611779] Key type trusted registered
[   12.625498] Key type encrypted registered
[   12.637640] AppArmor: AppArmor sha1 policy hashing enabled
[   12.638930] ima: No TPM chip found, activating TPM-bypass!
[   12.640144] evm: HMAC attrs: 0x1
[   12.641257]   Magic number: 9:650:804
[   12.648253] rtc_cmos rtc_cmos: setting system clock to 2017-07-29 21:45:13 UTC (1501364713)
[   12.659974] BIOS EDD facility v0.16 2004-Jun-25, 0 devices found
[   12.662092] EDD information not available.
[   12.680010] Freeing unused kernel memory: 1488K (ffffffff81f45000 - ffffffff820b9000)
[   12.700784] Write protecting the kernel read-only data: 14336k
[   12.724750] Freeing unused kernel memory: 1756K (ffff880001849000 - ffff880001a00000)
[   12.818545] Freeing unused kernel memory: 112K (ffff880001de4000 - ffff880001e00000)
Loading, please wait...
starting version[   12.878716] random: systemd-udevd: uninitialized urandom read (16 bytes read, 2 bits of entropy available)
 229
[   12.879133] random: udevadm: uninitialized urandom read (16 bytes read, 2 bits of entropy available)
[   12.879225] random: udevadm: uninitialized urandom read (16 bytes read, 2 bits of entropy available)
[   12.879404] random: udevadm: uninitialized urandom read (16 bytes read, 2 bits of entropy available)
[   12.879466] random: udevadm: uninitialized urandom read (16 bytes read, 2 bits of entropy available)
[   12.879534] random: udevadm: uninitialized urandom read (16 bytes read, 2 bits of entropy available)
[   12.879590] random: udevadm: uninitialized urandom read (16 bytes read, 2 bits of entropy available)
[   12.879639] random: udevadm: uninitialized urandom read (16 bytes read, 2 bits of entropy available)
[   12.879689] random: udevadm: uninitialized urandom read (16 bytes read, 2 bits of entropy available)
[   12.879738] random: udevadm: uninitialized urandom read (16 bytes read, 2 bits of entropy available)
[   13.032487] Fusion MPT base driver 3.04.20
[   13.033767] Copyright (c) 1999-2008 LSI Corporation
[   13.037208] e1000: Intel(R) PRO/1000 Network Driver - version 7.3.21-k8-NAPI
[   13.096545] e1000: Copyright (c) 1999-2006 Intel Corporation.
[   13.113966] Fusion MPT SPI Host driver 3.04.20
[   13.132725] AVX version of gcm_enc/dec engaged.
[   13.141403] AES CTR mode by8 optimization enabled
[   13.347041] input: ImExPS/2 Generic Explorer Mouse as /devices/platform/i8042/serio1/input/input4
[   13.487100] e1000 0000:00:03.0 eth0: (PCI:33MHz:32-bit) 02:df:35:49:a7:44
[   13.534579] e1000 0000:00:03.0 eth0: Intel(R) PRO/1000 Network Connection
[   13.551108] e1000 0000:00:03.0 enp0s3: renamed from eth0
[   13.603782] mptbase: ioc0: Initiating bringup
[   13.698692] ioc0: LSI53C1030 A0: Capabilities={Initiator}
[   13.951505] scsi host2: ioc0: LSI53C1030 A0, FwRev=00000000h, Ports=1, MaxQ=256, IRQ=20
[   14.169899] scsi 2:0:0:0: Direct-Access     VBOX     HARDDISK         1.0  PQ: 0 ANSI: 5
[   14.231631] scsi target2:0:0: Beginning Domain Validation
[   14.242861] scsi target2:0:0: Domain Validation skipping write tests
[   14.283868] scsi target2:0:0: Ending Domain Validation
[   14.285098] scsi target2:0:0: asynchronous
[   14.286607] scsi 2:0:1:0: Direct-Access     VBOX     HARDDISK         1.0  PQ: 0 ANSI: 5
[   14.292046] scsi target2:0:1: Beginning Domain Validation
[   14.322642] scsi target2:0:1: Domain Validation skipping write tests
[   14.349482] scsi target2:0:1: Ending Domain Validation
[   14.365366] scsi target2:0:1: asynchronous
[   14.385326] sd 2:0:0:0: [sda] 20971520 512-byte logical blocks: (10.7 GB/10.0 GiB)
[   14.431478] sd 2:0:0:0: Attached scsi generic sg0 type 0
[   14.431945] sd 2:0:0:0: [sda] Write Protect is off
[   14.432291] sd 2:0:0:0: [sda] Incomplete mode parameter data
[   14.432292] sd 2:0:0:0: [sda] Assuming drive cache: write through
[   14.435547]  sda: sda1
[   14.437728] sd 2:0:0:0: [sda] Attached SCSI disk
[   14.506627] sd 2:0:1:0: Attached scsi generic sg1 type 0
[   14.506789] sd 2:0:1:0: [sdb] 20480 512-byte logical blocks: (10.5 MB/10.0 MiB)
[   14.507179] sd 2:0:1:0: [sdb] Write Protect is off
[   14.507385] sd 2:0:1:0: [sdb] Incomplete mode parameter data
[   14.507386] sd 2:0:1:0: [sdb] Assuming drive cache: write through
[   14.509490] sd 2:0:1:0: [sdb] Attached SCSI disk
[   16.114510] floppy0: no floppy controllers found
Begin: Loading e[   17.517989] md: linear personality registered for level -1
ssential drivers[   17.595525] md: multipath personality registered for level -4
 ... [   17.715150] md: raid0 personality registered for level 0
[   17.750340] md: raid1 personality registered for level 1
[   17.877857] raid6: sse2x1   gen()  8545 MB/s
[   17.985599] raid6: sse2x1   xor()  6811 MB/s
[   18.093351] raid6: sse2x2   gen() 12093 MB/s
[   18.205599] raid6: sse2x2   xor()  7396 MB/s
[   18.297587] raid6: sse2x4   gen() 13382 MB/s
[   18.413417] raid6: sse2x4   xor()  7767 MB/s
[   18.422171] raid6: using algorithm sse2x4 gen() 13382 MB/s
[   18.423358] raid6: .... xor() 7767 MB/s, rmw enabled
[   18.450348] raid6: using ssse3x2 recovery algorithm
[   18.485230] xor: automatically using best checksumming function:
[   18.533400]    avx       : 17577.000 MB/sec
[   18.559951] async_tx: api initialized (async)
[   18.572257] md: raid6 personality registered for level 6
[   18.593897] md: raid5 personality registered for level 5
[   18.597214] md: raid4 personality registered for level 4
[   18.618940] md: raid10 personality registered for level 10
done.
Begin: Running /scripts/init-premount ... done.
Begin: Mounting root file system ... Begin: Running /scripts/local-top ... done.
Begin: Running /scripts/local-premount ... [   18.667393] Btrfs loaded
Scanning for Btrfs filesystems
done.
Warning: fsck no[   18.701814] EXT4-fs (sda1): mounted filesystem with ordered data mode. Opts: (null)
t present, so skipping root file system
done.
Begin: Running /scripts/local-bottom ... done.
Begin: Running /scripts/init-bottom ... done.
[   18.933925] systemd[1]: systemd 229 running in system mode. (+PAM +AUDIT +SELINUX +IMA +APPARMOR +SMACK +SYSVINIT +UTMP +LIBCRYPTSETUP +GCRYPT +GNUTLS +ACL +XZ -LZ4 +SECCOMP +BLKID +ELFUTILS +KMOD -IDN)
[   19.013265] systemd[1]: Detected virtualization oracle.
[   19.016246] systemd[1]: Detected architecture x86-64.

Welcome to [1mUbuntu 16.04.2 LTS[0m!

[   19.070205] systemd[1]: Set hostname to <ubuntu>.
[   19.085645] systemd[1]: Initializing machine ID from random generator.
[   19.147648] systemd[1]: Installed transient /etc/machine-id file.
[   19.381149] systemd[1]: Listening on Journal Socket (/dev/log).
[[0;32m  OK  [0m] Listening on Journal Socket (/dev/log).
[   19.534031] systemd[1]: Listening on Journal Audit Socket.
[[0;32m  OK  [0m] Listening on Journal Audit Socket.
[   19.587213] systemd[1]: Listening on udev Kernel Socket.
[[0;32m  OK  [0m] Listening on udev Kernel Socket.
[   19.646377] systemd[1]: Started Trigger resolvconf update for networkd DNS.
[[0;32m  OK  [0m] Started Trigger resolvconf update for networkd DNS.
[   19.737948] systemd[1]: Reached target Swap.
[[0;32m  OK  [0m] Reached target Swap.
[   19.794104] systemd[1]: Reached target Encrypted Volumes.
[[0;32m  OK  [0m] Reached target Encrypted Volumes.
[   19.885793] systemd[1]: Listening on /dev/initctl Compatibility Named Pipe.
[[0;32m  OK  [0m] Listening on /dev/initctl Compatibility Named Pipe.
[   19.950271] systemd[1]: Listening on Device-mapper event daemon FIFOs.
[[0;32m  OK  [0m] Listening on Device-mapper event daemon FIFOs.
[   20.142302] systemd[1]: Listening on Syslog Socket.
[[0;32m  OK  [0m] Listening on Syslog Socket.
[   20.285150] systemd[1]: Started Forward Password Requests to Wall Directory Watch.
[[0;32m  OK  [0m] Started Forward Password Requests to Wall Directory Watch.
[   20.457983] systemd[1]: Set up automount Arbitrary Executable File Formats File System Automount Point.
[[0;32m  OK  [0m] Set up automount Arbitrary Executab...ats File System Automount Point.
[   20.618581] systemd[1]: Created slice User and Session Slice.
[[0;32m  OK  [0m] Created slice User and Session Slice.
[   20.702053] systemd[1]: Reached target User and Group Name Lookups.
[[0;32m  OK  [0m] Reached target User and Group Name Lookups.
[   20.715453] systemd[1]: Listening on udev Control Socket.
[[0;32m  OK  [0m] Listening on udev Control Socket.
[   20.729801] systemd[1]: Listening on Journal Socket.
[[0;32m  OK  [0m] Listening on Journal Socket.
[   20.744423] systemd[1]: Listening on LVM2 metadata daemon socket.
[[0;32m  OK  [0m] Listening on LVM2 metadata daemon socket.
[   20.778237] systemd[1]: Created slice System Slice.
[[0;32m  OK  [0m] Created slice System Slice.
[   20.857921] systemd[1]: Starting Create list of required static device nodes for the current kernel...
         Starting Create list of required st... nodes for the current kernel...
[   21.003601] systemd[1]: Starting Journal Service...
         Starting Journal Service...
[   21.050261] systemd[1]: Mounting POSIX Message Queue File System...
         Mounting POSIX Message Queue File System...
[   21.182231] systemd[1]: Created slice system-serial\x2dgetty.slice.
[[0;32m  OK  [0m] Created slice system-serial\x2dgetty.slice.
[   21.249927] systemd[1]: Starting Remount Root and Kernel File Systems...
[   21.252820] EXT4-fs (sda1): re-mounted. Opts: (null)
         Starting Remount Root and Kernel File Systems...
[   21.455684] systemd[1]: Starting Nameserver information manager...
         Starting Nameserver information manager...
[   21.574002] systemd[1]: Starting Uncomplicated firewall...
[   21.574408] random: nonblocking pool is initialized
         Starting Uncomplicated firewall...
[   21.725568] systemd[1]: Mounting Debug File System...
         Mounting Debug File System...
[   21.817609] systemd[1]: Starting Load Kernel Modules...
         Startin[   21.887058] Loading iSCSI transport class v2.0-870.
g Load Kernel Mo[   21.948026] iscsi: registered transport (tcp)
dules...
[   22.018268] iscsi: registered transport (iser)
[   22.037904] systemd[1]: Mounting Huge Pages File System...
         Mounting Huge Pages File System...
[   22.197992] systemd[1]: Starting Monitoring of LVM2 mirrors, snapshots etc. using dmeventd or progress polling...
         Starting Monitoring of LVM2 mirrors... dmeventd or progress polling...
[   22.341853] systemd[1]: Starting Set console keymap...
         Starting Set console keymap...
[   22.534977] systemd[1]: Reached target Slices.
[[0;32m  OK  [0m] Reached target Slices.
[   22.642028] systemd[1]: Listening on LVM2 poll daemon socket.
[[0;32m  OK  [0m] Listening on LVM2 poll daemon socket.
[   22.838831] systemd[1]: Mounted Huge Pages File System.
[[0;32m  OK  [0m] Mounted Huge Pages File System.
[   22.906981] systemd[1]: Mounted Debug File System.
[[0;32m  OK  [0m] Mounted Debug File System.
[   22.941910] systemd[1]: Mounted POSIX Message Queue File System.
[[0;32m  OK  [0m] Mounted POSIX Message Queue File System.
[   22.985878] systemd[1]: Started Journal Service.
[[0;32m  OK  [0m] Started Journal Service.
[[0;32m  OK  [0m] Started Create list of required sta...ce nodes for the current kernel.
[[0;32m  OK  [0m] Started Remount Root and Kernel File Systems.
[[0;32m  OK  [0m] Started Uncomplicated firewall.
[[0;32m  OK  [0m] Started Load Kernel Modules.
[[0;32m  OK  [0m] Started Set console keymap.
[[0;32m  OK  [0m] Started Nameserver information manager.
[[0;32m  OK  [0m] Started LVM2 metadata daemon.
         Mounting FUSE Control File System...
         Starting Apply Kernel Variables...
         Starting udev Coldplug all Devices...
         Starting Load/Save Random Seed...
         Starting Initial cloud-init job (pre-networking)...
         Starting Create Static Device Nodes in /dev...
         Starting Flush Journal to Persistent Storage...
[[0;32m  OK  [0m] Mounted FUSE Control File System.
[[0;32m  OK  [0m] Started Apply Kernel Variables.
[[0;32m  OK  [0m] Started Load/Save Random Seed.
[[0;32m  OK  [0m] Started Create Static Device Nodes in /dev.
[[0;32m  OK  [0m] Started udev Coldplug all Devices.
[[0;32m  OK  [0m] Started Flush Journal to Persistent Storage.
         Starting udev Kernel Device Manager...
[[0;32m  OK  [0m] Started udev Kernel Device Manager.
[[0;32m  OK  [0m] Started Dispatch Password Requests to Console Directory Watch.
[[0;32m  OK  [0m] Started Monitoring of LVM2 mirrors,...ng dmeventd or progress polling.
[[0;32m  OK  [0m] Reached target Local File Systems (Pre).
[[0;32m  OK  [0m] Reached target Local File Systems.
         Starting Commit a transient machine-id on disk...
         Starting Set console font and keymap...
         Starting LSB: AppArmor initialization...
         Starting Tell Plymouth To Write Out Runtime Data...
         Starting Create Volatile Files and Directories...
[[0;32m  OK  [0m] Started Commit a transient machine-id on disk.
[[0;32m  OK  [0m] Started Tell Plymouth To Write Out Runtime Data.
[[0;32m  OK  [0m] Started Create Volatile Files and Directories.
[[0;32m  OK  [0m] Found device /dev/ttyS0.
[[0;32m  OK  [0m] Listening on Load/Save RF Kill Switch Status /dev/rfkill Watch.
         Starting Update UTMP about System Boot/Shutdown...
[[0;32m  OK  [0m] Reached target System Time Synchronized.
[[0;1;31mFAILED[0m] Failed to start Set console font and keymap.
See 'systemctl status console-setup.service' for details.
[[0;32m  OK  [0m] Started Initial cloud-init job (pre-networking).
[[0;32m  OK  [0m] Reached target Network (Pre).
[[0;32m  OK  [0m] Created slice system-getty.slice.
[   17.552326] cloud-init[453]: Cloud-init v. 0.7.9 running 'init-local' at Sat, 29 Jul 2017 21:45:24 +0000. Up 17.11 seconds.
[[0;32m  OK  [0m] Started Update UTMP about System Boot/Shutdown.
[[0;32m  OK  [0m] Started LSB: AppArmor initialization.
         Starting Raise network interfaces...
[[0;32m  OK  [0m] Started Raise network interfaces.
         Starting Initial cloud-init job (metadata service crawler)...
[[0;32m  OK  [0m] Reached target Network.
[   21.046677] cloud-init[912]: Cloud-init v. 0.7.9 running 'init' at Sat, 29 Jul 2017 21:45:28 +0000. Up 20.60 seconds.
[   21.052925] cloud-init[912]: ci-info: +++++++++++++++++++++++++++++++++++++Net device info++++++++++++++++++++++++++++++++++++++
[[0;32m  OK  [0m] Started Initial cloud-init job (metadata service crawler).
[[0;32m  OK  [0m] Reached target System Initialization.
[[0;32m  OK  [0m] Listening on ACPID Listen Socket.
[   21.155768] cloud-init[912]: ci-info: +--------+------+----------------------------+---------------+-------+-------------------+
[   21.276144] [cloud-init[0;32m  OK  [0m[912]: ] ci-info: | Device |  Up  |          Address           |      Mask     | Scope |     Hw-Address    |Started Daily Cleanup of Temporary Directories.

[   21.332439] cloud-init[912]: ci-info: +--------+------+----------------------------+---------------+-------+-------------------+
         Starting Socket activation for snappy daemon.
[   21.333193]          cloud-initStarting LXD - unix socket.[912]: 
ci-info: | enp0s3 | True |         10.0.2.15          | 255.255.255.0 |   .   | 02:df:35:49:a7:44 |
[   21.473955] [cloud-init[0;32m  OK  [0m[912]: ] ci-info: | enp0s3 | True | fe80::df:35ff:fe49:a744/64 |       .       |  link | 02:df:35:49:a7:44 |Listening on D-Bus System Message Bus Socket.

[[0;32m  OK  [0m] Started Daily apt activities.
[[0;32m  OK  [0m] Listening on UUID daemon activation socket.
[   21.528382] cloud-init[912]: ci-info: |   lo   | True |         127.0.0.1          |   255.0.0.0   |   .   |         .         |
[   21.569928] [[0;32m  OK  [0m] Started Timer to automatically refresh installed snaps.
[[0;32m  OK  [0m] Reached target Timers.
cloud-init[912]: ci-info: |   lo   | True |          ::1/128           |       .       |  host |         .         |
[   21.656541] [cloud-init[0;32m  OK  [0m[912]: ] ci-info: +--------+------+----------------------------+---------------+-------+-------------------+Started ACPI Events Check.

[   21.763122] [cloud-init[0;32m  OK  [0m[912]: ] ci-info: +++++++++++++++++++++++++++Route IPv4 info++++++++++++++++++++++++++++Reached target Paths.

[   21.763781] [cloud-init[0;32m  OK  [0m[912]: ] ci-info: +-------+-------------+----------+---------------+-----------+-------+Reached target Cloud-config availability.

[[0;32m  OK  [0m] Reached target Network is Online.
[   21.797362] cloud-init[912]: ci-info: | Route | Destination | Gateway  |    Genmask    | Interface | Flags |
[   21.865652]          cloud-initStarting iSCSI initiator daemon (iscsid)...[912]: 
ci-info: +-------+-------------+----------+---------------+-----------+-------+
[   21.916554] [cloud-init[912]: ci-info: |   0   |   0.0.0.0   | 10.0.2.2 |    0.0.0.0    |   enp0s3  |   UG  |
[0;32m  OK  [0m] Listening on Socket activation for snappy daemon.
[   21.917083] [cloud-init[0;32m  OK  [0m[912]: ] ci-info: |   1   |   10.0.2.0  | 0.0.0.0  | 255.255.255.0 |   enp0s3  |   U   |Listening on LXD - unix socket.

[   22.065846] [cloud-init[0;32m  OK  [0m[912]: ] ci-info: +-------+-------------+----------+---------------+-----------+-------+Started iSCSI initiator daemon (iscsid).

[   22.066706] cloud-init[912]: Generating public/private rsa key pair.
[   22.144636]          cloud-initStarting Login to default iSCSI targets...[912]: 
Your identification has been saved in /etc/ssh/ssh_host_rsa_key.
[   22.158103] [cloud-init[0;32m  OK  [0m[912]: ] Your public key has been saved in /etc/ssh/ssh_host_rsa_key.pub.Reached target Sockets.

[   22.158641] [cloud-init[0;32m  OK  [0m[912]: ] The key fingerprint is:Reached target Basic System.

[   22.232356] [cloud-init[0;32m  OK  [0m[912]: ] SHA256:sHXVZNZ3VYJmYg5GZkSVnuxUVcFmJWRdlIxWvcoi2BE root@ubuntu-xenialStarted ACPI event daemon.

[   22.233040] cloud-init[912]: The key's randomart image is:
[   22.284453]          cloud-initStarting System Logging Service...[912]: 
+---[RSA 2048]----+
[   22.328577] [cloud-init[0;32m  OK  [0m[912]: ] |       +*....*#B/|Started Regular background program processing daemon.

[   22.362939] [cloud-init[0;32m  OK  [0m[912]: ] |       ooE+.=*.O*|Started FUSE filesystem for LXC.

[   22.363595] cloud-init[912]: |      ...*o*. o +|
         Starting Login Service...
[   22.414385] cloud-init[912]: |       + o*    . |
[   22.460755]          cloud-initStarting /etc/rc.local Compatibility...[912]: 
|      . So. . .  |
[   22.461399] cloud-init[912]: |       . o.. o   |
[   22.521158]          cloud-initStarting Pollinate to seed the pseudo random number generator...[912]: 
|          . .    |
[   22.574680] [cloud-init[0;32m  OK  [0m[912]: ] |                 |Started Deferred execution scheduler.

[   22.575385] cloud-init[912]: |                 |
[   22.664727]          cloud-initStarting Accounts Service...[912]: 
+----[SHA256]-----+
[   22.671781] cloud-init[912]: Generating public/private dsa key pair.
[   22.696815]          cloud-initStarting LSB: Record successful boot for GRUB...[912]: 
Your identification has been saved in /etc/ssh/ssh_host_dsa_key.
[   22.798582]          cloud-init[912]: Your public key has been saved in /etc/ssh/ssh_host_dsa_key.pub.
Starting LSB: MD monitoring daemon...
[   22.799282] cloud-init[912]: The key fingerprint is:
[   22.944898]          cloud-initStarting Apply the settings specified in cloud-config...[912]: 
SHA256:RxlJnZ+nATTqbcCSTgq8svz5qTwykg1CdjcFiKidArc root@ubuntu-xenial
[   22.945580] cloud-init[912]: The key's randomart image is:
[   23.096373] cloud-init[912]: +---[DSA 1024]----+
         Starting LXD - container startup/shutdown...
[[0;32m  OK  [0m] Started Snappy daemon.
[   23.102290] cloud-init[912]: |. . ...  .o+o.   |
[   23.208491] [cloud-init[0;32m  OK  [0m[912]: ] |o..o   . o.++.   |Started D-Bus System Message Bus.

[   23.209021] cloud-init[912]: |oo oo . + *  o . |
[[0;32m  OK  [0m] Started Unattended Upgrades Shutdown.
[   23.286491] cloud-init[912]: |ooE. = + + o  + .|
         Starting Auto import assertions from block devices...
[   23.320454] [cloud-init[0;32m  OK  [0m[912]: ] |o.o o o S o o  + |Started System Logging Service.

[   23.322155] [[0;32m  OK  [0m] Started /etc/rc.local Compatibility.
[[0;32m  OK  [0m] Started LXD - container startup/shutdown.
cloud-init[912]: |o. o     . .  .  |
[   23.356620] cloud-init[912]: |.+o              |
[   23.367991] cloud-init[912]: |o +o.. .         |
[[0;32m  OK  [0m] Started Pollinate to seed the pseudo random number generator.
[[0;32m  OK  [0m] Started Auto import assertions from block devices.
[   23.391339] cloud-init[912]: | . o=+o          |
[   23.415059] cloud-init[912]: +----[SHA256]-----+
[   23.430043] cloud-init[912]: Generating public/private ecdsa key pair.
[[0;32m  OK  [0m] Started Login to default iSCSI targets.
[   23.439913] cloud-init[912]: Your identification has been saved in /etc/ssh/ssh_host_ecdsa_key.
[   23.496405] cloud-init[912]: Your public key has been saved in /etc/ssh/ssh_host_ecdsa_key.pub.[[0;32m  OK  [0m] Started LSB: MD monitoring daemon.

[   23.514822] cloud-init[912]: The key fingerprint is:
[[0;32m  OK  [0m] Started LSB: Record successful boot for GRUB.
[   23.552154] cloud-init[912]: SHA256:lp1gjAN83/xcevrCGwpulu4poAPBrdMHPbn9Ny8u+ow root@ubuntu-xenial
[   23.588624] cloud-init[912]: The key's randomart image is:
[   23.599729] cloud-init[912]: +---[ECDSA 256]---+
[   23.600584] cloud-init[912]: |   ..            |
         Starting Authenticate and Authorize Users to Run Privileged Tasks...
[[   23.601249] cloud-init[912]: |    ...o         |
[   23.633619] cloud-init[912]: |. . ..+.+o       |
[   23.633796] cloud-init[912]: |.. o + o.+o.  .  |
[   23.633984] cloud-init[912]: | .o . + S oo o   |
[   23.634180] cloud-init[912]: |.o ..o o    + .  |
[   23.634378] cloud-init[912]: | .....  o. ..o   |
[   23.634574] cloud-init[912]: |  o   ..*= =+.   |
[   23.634771] cloud-init[912]: |   .   EBo=.==.  |
[   23.634967] cloud-init[912]: +----[SHA256]-----+
[   23.635165] cloud-init[912]: Generating public/private ed25519 key pair.
[   23.635374] cloud-init[912]: Your identification has been saved in /etc/ssh/ssh_host_ed25519_key.
[   23.635559] cloud-init[912]: Your public key has been saved in /etc/ssh/ssh_host_ed25519_key.pub.
[   23.635756] cloud-init[912]: The key fingerprint is:
[   23.635949] cloud-init[912]: SHA256:zsgM9/GDvLaINxjnbAWT18xP3Ru3hAiZ3ynKcReMfpQ root@ubuntu-xenial
[   23.636353] cloud-init[912]: The key's randomart image is:
[   23.636551] cloud-init[912]: +--[ED25519 256]--+
[   23.636741] cloud-init[912]: |          o o .  |
[   23.636943] cloud-init[912]: |         + . E   |
[   23.637138] cloud-init[912]: |       . ++ +.+. |
[   23.637332] cloud-init[912]: |      + ..+*.*.oo|
[   23.637527] cloud-init[912]: |    . .+S +o+ . =|
[   23.637723] cloud-init[912]: |    .=.*.*  .  o |
[   23.637928] cloud-init[912]: |     *+.* o      |
[   23.638121] cloud-init[912]: |    ..*... .     |
[   23.638743] cloud-init[912]: |    .o.oo.       |
[   23.638922] cloud-init[912]: +----[SHA256]-----+
[0;32m  OK  [0m] Reached target Remote File Systems (Pre).
[   23.669376] cloud-init[1088]: Generating locales (this might take a while)...
[[0;32m  OK  [0m] Reached target Remote File Systems.
         Starting LSB: Set the CPU Frequency Scaling governor to "ondemand"...
         Starting Permit User Sessions...
         Starting LSB: VirtualBox Linux Additions...
         Starting LSB: daemon to balance interrupts for SMP systems...
         Starting LSB: automatic crash report generation...
         Starting OpenBSD Secure Shell server...
[[0;32m  OK  [0m] Started Permit User Sessions.
[[0;32m  OK  [0m] Started OpenBSD Secure Shell server.
[[0;32m  OK  [0m] Started Login Service.
[[0;32m  OK  [0m] Started Authenticate and Authorize Users to Run Privileged Tasks.
[[0;32m  OK  [0m] Started Accounts Service.
[[0;32m  OK  [0m] Started LSB: Set the CPU Frequency Scaling governor to "ondemand".
         Starting Hold until boot process finishes up...
         Starting Terminate Plymouth Boot Screen...
[[0;32m  OK  [0m] Started LSB: daemon to balance interrupts for SMP systems.
[[0;32m  OK  [0m] Started LSB: automatic crash report generation.
[[0;32m  OK  [0m] Started LSB: VirtualBox Linux Additions.
[[0;32m  OK  [0m] Started Hold until boot process finishes up.
[[0;32m  OK  [0m] Started Terminate Plymouth Boot Screen.
[[0;32m  OK  [0m] Started Serial Getty on ttyS0.
[[0;32m  OK  [0m] Started Getty on tty1.
[[0;32m  OK  [0m] Reached target Login Prompts.
         Starting Set console scheme...
[[0;32m  OK  [0m] Reached target Multi-User System.
[[0;32m  OK  [0m] Reached target Graphical Interface.
         Starting Update UTMP about System Runlevel Changes...
[[0;32m  OK  [0m] Started Set console scheme.
[[0;32m  OK  [0m] Started Update UTMP about System Runlevel Changes.
[   25.195866] cloud-init[1088]:   en_US.UTF-8... done
[   25.210959] cloud-init[1088]: Generation complete.
         Stopping OpenBSD Secure Shell server...
[[0;32m  OK  [0m] Stopped OpenBSD Secure Shell server.
         Starting OpenBSD Secure Shell server...
[[0;32m  OK  [0m] Started OpenBSD Secure Shell server.
[[0;32m  OK  [0m] Created slice User Slice of ubuntu.
         Starting User Manager for UID 1000...
[[0;32m  OK  [0m] Started Session 1 of user ubuntu.
[   25.651594] cloud-init[1088]: Cloud-init v. 0.7.9 running 'modules:config' at Sat, 29 Jul 2017 21:45:31 +0000. Up 23.43 seconds.
[[0;32m  OK  [0m] Started User Manager for UID 1000.
[[0;32m  OK  [0m] Started Apply the settings specified in cloud-config.
         Starting Execute cloud user/final scripts...
ci-info: no authorized ssh keys fingerprints found for user ubuntu.
<14>Jul 29 21:45:34 ec2: 
<14>Jul 29 21:45:34 ec2: #############################################################
<14>Jul 29 21:45:34 ec2: -----BEGIN SSH HOST KEY FINGERPRINTS-----
<14>Jul 29 21:45:34 ec2: 1024 SHA256:RxlJnZ+nATTqbcCSTgq8svz5qTwykg1CdjcFiKidArc root@ubuntu-xenial (DSA)
<14>Jul 29 21:45:34 ec2: 256 SHA256:lp1gjAN83/xcevrCGwpulu4poAPBrdMHPbn9Ny8u+ow root@ubuntu-xenial (ECDSA)
<14>Jul 29 21:45:34 ec2: 256 SHA256:zsgM9/GDvLaINxjnbAWT18xP3Ru3hAiZ3ynKcReMfpQ root@ubuntu-xenial (ED25519)
<14>Jul 29 21:45:34 ec2: 2048 SHA256:sHXVZNZ3VYJmYg5GZkSVnuxUVcFmJWRdlIxWvcoi2BE root@ubuntu-xenial (RSA)
<14>Jul 29 21:45:34 ec2: -----END SSH HOST KEY FINGERPRINTS-----
<14>Jul 29 21:45:34 ec2: #############################################################
-----BEGIN SSH HOST KEY KEYS-----
ecdsa-sha2-nistp256 AAAAE2VjZHNhLXNoYTItbmlzdHAyNTYAAAAIbmlzdHAyNTYAAABBBK/pgDtBWc/MRVOJI/OskcK1IfHw2LEwmy8SQZsH6YgDsszZbxsjJbDw7OTk/bw50PHPkXBfCpQOoeKNRT7xnNQ= root@ubuntu-xenial
ssh-ed25519 AAAAC3NzaC1lZDI1NTE5AAAAIIRY17chlC1Mfx9Pr3UXd1kytkD8Zy2QWmToG8P1gm86 root@ubuntu-xenial
ssh-rsa AAAAB3NzaC1yc2EAAAADAQABAAABAQCe/FSxLjVNqorl4czbrTvbJmjn2xvQSRcWqKMvhxc4d3K33IPi5kp3+kuTEo9N/uPT2NY75Cctw4R8dqK8Q/jsYU7A/99frv5+tdGHy/kObg8YYgR48yo58lMX4tTwyTzFpNde1EDFYh08Rb/MDlO9YHVCSprLGdOkzWipsEdoLhxufja+acXyeSyZSZ7fcKnLVGgIS9w1N4ZFIUDSXbBJyeuXHQ/7x4t0mChQjC1bmrfn/bDNYyETWyICLdaQg7aPYh8INaKgFUgN/rr9vuBL/1NDae0Y/VinnovvHnoGpHXfnb8AqVYN439A4fNI0WkGj9E7dYGczv4ZiIW6Jkij root@ubuntu-xenial
-----END SSH HOST KEY KEYS-----
[   26.598940] cloud-init[1314]: Cloud-init v. 0.7.9 running 'modules:final' at Sat, 29 Jul 2017 21:45:34 +0000. Up 26.33 seconds.
[   26.625025] cloud-init[1314]: ci-info: no authorized ssh keys fingerprints found for user ubuntu.
[   26.632902] cloud-init[1314]: Cloud-init v. 0.7.9 finished at Sat, 29 Jul 2017 21:45:34 +0000. Datasource DataSourceNoCloud [seed=/dev/sdb][dsmode=net].  Up 26.59 seconds
[[0;32m  OK  [0m] Started Execute cloud user/final scripts.
[[0;32m  OK  [0m] Reached target Cloud-init target.

Ubuntu 16.04.2 LTS ubuntu-xenial ttyS0

ubuntu-xenial login: 